info: User Activity: GET /api/admin/feedback - IP: ::1 {"timestamp":"2024-12-17T11:34:54.823Z"}
info: ::1 - - [17/Dec/2024:11:34:54 +0000] "GET /api/admin/feedback HTTP/1.1" 200 311 "-" "PostmanRuntime/7.43.0" {"timestamp":"2024-12-17T11:34:54.910Z"}
info: User Activity: POST /api/auth/login - IP: ::1 {"timestamp":"2024-12-17T11:37:15.209Z"}
info: ::1 - - [17/Dec/2024:11:37:15 +0000] "POST /api/auth/login HTTP/1.1" 500 12 "-" "PostmanRuntime/7.43.0" {"timestamp":"2024-12-17T11:37:15.401Z"}
info: User Activity: POST /api/auth/login - IP: ::1 {"timestamp":"2024-12-17T11:37:18.322Z"}
info: ::1 - - [17/Dec/2024:11:37:18 +0000] "POST /api/auth/login HTTP/1.1" 500 12 "-" "PostmanRuntime/7.43.0" {"timestamp":"2024-12-17T11:37:18.487Z"}
info: User Activity: POST /api/auth/login - IP: ::1 {"timestamp":"2024-12-17T11:37:19.838Z"}
info: ::1 - - [17/Dec/2024:11:37:20 +0000] "POST /api/auth/login HTTP/1.1" 500 12 "-" "PostmanRuntime/7.43.0" {"timestamp":"2024-12-17T11:37:20.006Z"}
info: User Activity: POST /api/auth/login - IP: ::1 {"timestamp":"2024-12-17T11:37:32.247Z"}
info: ::1 - - [17/Dec/2024:11:37:32 +0000] "POST /api/auth/login HTTP/1.1" 500 12 "-" "PostmanRuntime/7.43.0" {"timestamp":"2024-12-17T11:37:32.407Z"}
info: User Activity: POST /api/auth/login - IP: ::1 {"timestamp":"2024-12-17T11:37:42.315Z"}
info: ::1 - - [17/Dec/2024:11:37:42 +0000] "POST /api/auth/login HTTP/1.1" 500 12 "-" "PostmanRuntime/7.43.0" {"timestamp":"2024-12-17T11:37:42.447Z"}
info: User Activity: POST /api/auth/login - IP: ::1 {"timestamp":"2024-12-17T11:38:03.897Z"}
info: ::1 - - [17/Dec/2024:11:38:04 +0000] "POST /api/auth/login HTTP/1.1" 500 12 "-" "PostmanRuntime/7.43.0" {"timestamp":"2024-12-17T11:38:04.067Z"}
info: User Activity: GET /get-csrf-token - IP: ::1 {"timestamp":"2024-12-17T11:42:11.385Z"}
info: ::1 - - [17/Dec/2024:11:42:11 +0000] "GET /get-csrf-token HTTP/1.1" 200 52 "-" "PostmanRuntime/7.43.0" {"timestamp":"2024-12-17T11:42:11.391Z"}
info: User Activity: GET /get-csrf-token - IP: ::1 {"timestamp":"2024-12-17T11:46:21.564Z"}
info: ::1 - - [17/Dec/2024:11:46:21 +0000] "GET /get-csrf-token HTTP/1.1" 200 52 "-" "PostmanRuntime/7.43.0" {"timestamp":"2024-12-17T11:46:21.568Z"}
info: User Activity: GET /get-csrf-token - IP: ::1 {"timestamp":"2024-12-17T11:50:08.057Z"}
info: ::1 - - [17/Dec/2024:11:50:08 +0000] "GET /get-csrf-token HTTP/1.1" 500 1293 "-" "PostmanRuntime/7.43.0" {"timestamp":"2024-12-17T11:50:08.063Z"}
info: ::1 - - [17/Dec/2024:11:52:33 +0000] "GET /get-csrf-token HTTP/1.1" 200 52 "-" "PostmanRuntime/7.43.0" {"timestamp":"2024-12-17T11:52:33.870Z"}
info: ::1 - - [17/Dec/2024:11:55:11 +0000] "POST /test-csrf HTTP/1.1" 200 34 "-" "PostmanRuntime/7.43.0" {"timestamp":"2024-12-17T11:55:11.482Z"}
info: ::1 - - [17/Dec/2024:11:55:25 +0000] "POST /api/auth/login HTTP/1.1" 500 12 "-" "PostmanRuntime/7.43.0" {"timestamp":"2024-12-17T11:55:25.869Z"}
info: ::1 - - [17/Dec/2024:11:55:29 +0000] "POST /api/auth/login HTTP/1.1" 500 12 "-" "PostmanRuntime/7.43.0" {"timestamp":"2024-12-17T11:55:29.211Z"}
info: ::1 - - [17/Dec/2024:11:56:07 +0000] "POST /api/auth/login HTTP/1.1" 500 12 "-" "PostmanRuntime/7.43.0" {"timestamp":"2024-12-17T11:56:07.212Z"}
info: ::1 - - [17/Dec/2024:11:56:25 +0000] "POST /api/auth/login HTTP/1.1" 500 12 "-" "PostmanRuntime/7.43.0" {"timestamp":"2024-12-17T11:56:25.680Z"}
info: ::1 - - [17/Dec/2024:11:56:32 +0000] "GET /get-csrf-token HTTP/1.1" 200 52 "-" "PostmanRuntime/7.43.0" {"timestamp":"2024-12-17T11:56:32.253Z"}
info: ::1 - - [17/Dec/2024:11:56:58 +0000] "POST /api/auth/login HTTP/1.1" 500 12 "-" "PostmanRuntime/7.43.0" {"timestamp":"2024-12-17T11:56:58.282Z"}
info: ::1 - - [17/Dec/2024:11:58:16 +0000] "POST /api/auth/login HTTP/1.1" 500 12 "-" "PostmanRuntime/7.43.0" {"timestamp":"2024-12-17T11:58:16.032Z"}
info: ::1 - - [17/Dec/2024:11:58:30 +0000] "POST /api/auth/login HTTP/1.1" 500 12 "-" "PostmanRuntime/7.43.0" {"timestamp":"2024-12-17T11:58:30.605Z"}
info: ::1 - - [17/Dec/2024:11:59:17 +0000] "POST /api/auth/login HTTP/1.1" 500 12 "-" "PostmanRuntime/7.43.0" {"timestamp":"2024-12-17T11:59:17.917Z"}
info: ::1 - - [17/Dec/2024:11:59:19 +0000] "POST /api/auth/login HTTP/1.1" 500 12 "-" "PostmanRuntime/7.43.0" {"timestamp":"2024-12-17T11:59:19.759Z"}
